<?xml version="1.0" encoding="UTF-8"?>
<testsuite name="angles.SILab2Test" tests="2" skipped="0" failures="0" errors="0" timestamp="2020-05-29T12:34:31" hostname="aleksandar-pc" time="0.038">
  <properties/>
  <testcase name="testExceptions()" classname="angles.SILab2Test" time="0.031"/>
  <testcase name="testConvertibleAngles()" classname="angles.SILab2Test" time="0.005"/>
  <system-out><![CDATA[Instancing converter
]]></system-out>
  <system-err><![CDATA[]]></system-err>
</testsuite>
