<?xml version="1.0" encoding="UTF-8"?>
<testsuite name="angles.SILab2Test" tests="2" skipped="0" failures="0" errors="0" timestamp="2020-05-27T14:11:50" hostname="aleksandar-pc" time="0.004">
  <properties/>
  <testcase name="testExceptions" classname="angles.SILab2Test" time="0.003"/>
  <testcase name="function" classname="angles.SILab2Test" time="0.0"/>
  <system-out><![CDATA[]]></system-out>
  <system-err><![CDATA[]]></system-err>
</testsuite>
