<?xml version="1.0" encoding="UTF-8"?>
<testsuite name="angles.SILab2Test" tests="2" skipped="0" failures="0" errors="0" timestamp="2020-05-28T22:41:22" hostname="aleksandar-pc" time="0.042">
  <properties/>
  <testcase name="testExceptions()" classname="angles.SILab2Test" time="0.035"/>
  <testcase name="testConvertibleAngles()" classname="angles.SILab2Test" time="0.005"/>
  <system-out><![CDATA[]]></system-out>
  <system-err><![CDATA[]]></system-err>
</testsuite>
